<?xml version="1.0" encoding="UTF-8"?>
<testng-results ignored="0" total="1" passed="1" failed="0" skipped="0">
  <reporter-output>
  </reporter-output>
  <suite started-at="2021-12-27T22:50:04 IST" name="Default suite" finished-at="2021-12-27T22:50:05 IST" duration-ms="799">
    <groups>
    </groups>
    <test started-at="2021-12-27T22:50:04 IST" name="Default test" finished-at="2021-12-27T22:50:05 IST" duration-ms="799">
      <class name="testSqlDB">
        <test-method signature="test()[pri:0, instance:testSqlDB@77eca502]" started-at="2021-12-27T22:50:04 IST" name="test" finished-at="2021-12-27T22:50:05 IST" duration-ms="752" status="PASS">
          <reporter-output>
          </reporter-output>
        </test-method> <!-- test -->
      </class> <!-- testSqlDB -->
    </test> <!-- Default test -->
  </suite> <!-- Default suite -->
</testng-results>
